0 info it worked if it ends with ok
1 verbose cli [ '/usr/bin/nodejs', '/usr/bin/npm', 'install' ]
2 info using npm@1.4.21
3 info using node@v0.10.29
4 verbose readDependencies using package.json deps
5 verbose install where, deps [ '/home/jul/elixir/PTManagementSystem/pt_system',
5 verbose install   [ 'babel-brunch',
5 verbose install     'brunch',
5 verbose install     'clean-css-brunch',
5 verbose install     'css-brunch',
5 verbose install     'javascript-brunch',
5 verbose install     'uglify-js-brunch',
5 verbose install     'phoenix',
5 verbose install     'phoenix_html' ] ]
6 info preinstall @
7 verbose readDependencies using package.json deps
8 verbose cache add [ 'clean-css-brunch@>= 1.0 < 1.8', null ]
9 verbose cache add name=undefined spec="clean-css-brunch@>= 1.0 < 1.8" args=["clean-css-brunch@>= 1.0 < 1.8",null]
10 verbose parsed url { protocol: null,
10 verbose parsed url   slashes: null,
10 verbose parsed url   auth: null,
10 verbose parsed url   host: null,
10 verbose parsed url   port: null,
10 verbose parsed url   hostname: null,
10 verbose parsed url   hash: null,
10 verbose parsed url   search: null,
10 verbose parsed url   query: null,
10 verbose parsed url   pathname: 'clean-css-brunch@%3E=%201.0%20%3C%201.8',
10 verbose parsed url   path: 'clean-css-brunch@%3E=%201.0%20%3C%201.8',
10 verbose parsed url   href: 'clean-css-brunch@%3E=%201.0%20%3C%201.8' }
11 verbose cache add name="clean-css-brunch" spec=">= 1.0 < 1.8" args=["clean-css-brunch",">= 1.0 < 1.8"]
12 verbose parsed url { protocol: null,
12 verbose parsed url   slashes: null,
12 verbose parsed url   auth: null,
12 verbose parsed url   host: null,
12 verbose parsed url   port: null,
12 verbose parsed url   hostname: null,
12 verbose parsed url   hash: null,
12 verbose parsed url   search: null,
12 verbose parsed url   query: null,
12 verbose parsed url   pathname: '%3E=%201.0%20%3C%201.8',
12 verbose parsed url   path: '%3E=%201.0%20%3C%201.8',
12 verbose parsed url   href: '%3E=%201.0%20%3C%201.8' }
13 verbose addNamed [ 'clean-css-brunch', '>= 1.0 < 1.8' ]
14 verbose addNamed [ null, '>=1.0.0-0 <1.8.0-0' ]
15 verbose cache add [ 'phoenix@file:deps/phoenix', null ]
16 verbose cache add name=undefined spec="phoenix@file:deps/phoenix" args=["phoenix@file:deps/phoenix",null]
17 verbose parsed url { protocol: null,
17 verbose parsed url   slashes: null,
17 verbose parsed url   auth: null,
17 verbose parsed url   host: null,
17 verbose parsed url   port: null,
17 verbose parsed url   hostname: null,
17 verbose parsed url   hash: null,
17 verbose parsed url   search: null,
17 verbose parsed url   query: null,
17 verbose parsed url   pathname: 'phoenix@file:deps/phoenix',
17 verbose parsed url   path: 'phoenix@file:deps/phoenix',
17 verbose parsed url   href: 'phoenix@file:deps/phoenix' }
18 verbose cache add [ 'css-brunch@>= 1.0 < 1.8', null ]
19 verbose cache add name=undefined spec="css-brunch@>= 1.0 < 1.8" args=["css-brunch@>= 1.0 < 1.8",null]
20 verbose parsed url { protocol: null,
20 verbose parsed url   slashes: null,
20 verbose parsed url   auth: null,
20 verbose parsed url   host: null,
20 verbose parsed url   port: null,
20 verbose parsed url   hostname: null,
20 verbose parsed url   hash: null,
20 verbose parsed url   search: null,
20 verbose parsed url   query: null,
20 verbose parsed url   pathname: 'css-brunch@%3E=%201.0%20%3C%201.8',
20 verbose parsed url   path: 'css-brunch@%3E=%201.0%20%3C%201.8',
20 verbose parsed url   href: 'css-brunch@%3E=%201.0%20%3C%201.8' }
21 verbose cache add [ 'phoenix_html@file:deps/phoenix_html', null ]
22 verbose cache add name=undefined spec="phoenix_html@file:deps/phoenix_html" args=["phoenix_html@file:deps/phoenix_html",null]
23 verbose parsed url { protocol: null,
23 verbose parsed url   slashes: null,
23 verbose parsed url   auth: null,
23 verbose parsed url   host: null,
23 verbose parsed url   port: null,
23 verbose parsed url   hostname: null,
23 verbose parsed url   hash: null,
23 verbose parsed url   search: null,
23 verbose parsed url   query: null,
23 verbose parsed url   pathname: 'phoenix_html@file:deps/phoenix_html',
23 verbose parsed url   path: 'phoenix_html@file:deps/phoenix_html',
23 verbose parsed url   href: 'phoenix_html@file:deps/phoenix_html' }
24 verbose cache add [ 'javascript-brunch@>= 1.0 < 1.8', null ]
25 verbose cache add name=undefined spec="javascript-brunch@>= 1.0 < 1.8" args=["javascript-brunch@>= 1.0 < 1.8",null]
26 verbose parsed url { protocol: null,
26 verbose parsed url   slashes: null,
26 verbose parsed url   auth: null,
26 verbose parsed url   host: null,
26 verbose parsed url   port: null,
26 verbose parsed url   hostname: null,
26 verbose parsed url   hash: null,
26 verbose parsed url   search: null,
26 verbose parsed url   query: null,
26 verbose parsed url   pathname: 'javascript-brunch@%3E=%201.0%20%3C%201.8',
26 verbose parsed url   path: 'javascript-brunch@%3E=%201.0%20%3C%201.8',
26 verbose parsed url   href: 'javascript-brunch@%3E=%201.0%20%3C%201.8' }
27 verbose cache add [ 'uglify-js-brunch@>= 1.0 < 1.8', null ]
28 verbose cache add name=undefined spec="uglify-js-brunch@>= 1.0 < 1.8" args=["uglify-js-brunch@>= 1.0 < 1.8",null]
29 verbose parsed url { protocol: null,
29 verbose parsed url   slashes: null,
29 verbose parsed url   auth: null,
29 verbose parsed url   host: null,
29 verbose parsed url   port: null,
29 verbose parsed url   hostname: null,
29 verbose parsed url   hash: null,
29 verbose parsed url   search: null,
29 verbose parsed url   query: null,
29 verbose parsed url   pathname: 'uglify-js-brunch@%3E=%201.0%20%3C%201.8',
29 verbose parsed url   path: 'uglify-js-brunch@%3E=%201.0%20%3C%201.8',
29 verbose parsed url   href: 'uglify-js-brunch@%3E=%201.0%20%3C%201.8' }
30 verbose cache add [ 'babel-brunch@^6.0.0', null ]
31 verbose cache add name=undefined spec="babel-brunch@^6.0.0" args=["babel-brunch@^6.0.0",null]
32 verbose parsed url { protocol: null,
32 verbose parsed url   slashes: null,
32 verbose parsed url   auth: null,
32 verbose parsed url   host: null,
32 verbose parsed url   port: null,
32 verbose parsed url   hostname: null,
32 verbose parsed url   hash: null,
32 verbose parsed url   search: null,
32 verbose parsed url   query: null,
32 verbose parsed url   pathname: 'babel-brunch@^6.0.0',
32 verbose parsed url   path: 'babel-brunch@^6.0.0',
32 verbose parsed url   href: 'babel-brunch@^6.0.0' }
33 silly lockFile a4ef8c74-clean-css-brunch-1-0-1-8 clean-css-brunch@>= 1.0 < 1.8
34 verbose lock clean-css-brunch@>= 1.0 < 1.8 /home/jul/.npm/a4ef8c74-clean-css-brunch-1-0-1-8.lock
35 verbose cache add name="phoenix" spec="file:deps/phoenix" args=["phoenix","file:deps/phoenix"]
36 verbose parsed url { protocol: 'file:',
36 verbose parsed url   slashes: null,
36 verbose parsed url   auth: null,
36 verbose parsed url   host: null,
36 verbose parsed url   port: null,
36 verbose parsed url   hostname: null,
36 verbose parsed url   hash: null,
36 verbose parsed url   search: null,
36 verbose parsed url   query: null,
36 verbose parsed url   pathname: 'deps/phoenix',
36 verbose parsed url   path: 'deps/phoenix',
36 verbose parsed url   href: 'file:deps/phoenix' }
37 verbose addNamed [ 'phoenix', 'file:deps/phoenix' ]
38 verbose addNamed [ null, null ]
39 silly lockFile 25706d37-phoenix-file-deps-phoenix phoenix@file:deps/phoenix
40 verbose lock phoenix@file:deps/phoenix /home/jul/.npm/25706d37-phoenix-file-deps-phoenix.lock
41 verbose cache add name="css-brunch" spec=">= 1.0 < 1.8" args=["css-brunch",">= 1.0 < 1.8"]
42 verbose parsed url { protocol: null,
42 verbose parsed url   slashes: null,
42 verbose parsed url   auth: null,
42 verbose parsed url   host: null,
42 verbose parsed url   port: null,
42 verbose parsed url   hostname: null,
42 verbose parsed url   hash: null,
42 verbose parsed url   search: null,
42 verbose parsed url   query: null,
42 verbose parsed url   pathname: '%3E=%201.0%20%3C%201.8',
42 verbose parsed url   path: '%3E=%201.0%20%3C%201.8',
42 verbose parsed url   href: '%3E=%201.0%20%3C%201.8' }
43 verbose addNamed [ 'css-brunch', '>= 1.0 < 1.8' ]
44 verbose addNamed [ null, '>=1.0.0-0 <1.8.0-0' ]
45 silly lockFile 63340fb0-css-brunch-1-0-1-8 css-brunch@>= 1.0 < 1.8
46 verbose lock css-brunch@>= 1.0 < 1.8 /home/jul/.npm/63340fb0-css-brunch-1-0-1-8.lock
47 verbose cache add name="phoenix_html" spec="file:deps/phoenix_html" args=["phoenix_html","file:deps/phoenix_html"]
48 verbose parsed url { protocol: 'file:',
48 verbose parsed url   slashes: null,
48 verbose parsed url   auth: null,
48 verbose parsed url   host: null,
48 verbose parsed url   port: null,
48 verbose parsed url   hostname: null,
48 verbose parsed url   hash: null,
48 verbose parsed url   search: null,
48 verbose parsed url   query: null,
48 verbose parsed url   pathname: 'deps/phoenix_html',
48 verbose parsed url   path: 'deps/phoenix_html',
48 verbose parsed url   href: 'file:deps/phoenix_html' }
49 verbose addNamed [ 'phoenix_html', 'file:deps/phoenix_html' ]
50 verbose addNamed [ null, null ]
51 silly lockFile 3d88e48d-enix-html-file-deps-phoenix-html phoenix_html@file:deps/phoenix_html
52 verbose lock phoenix_html@file:deps/phoenix_html /home/jul/.npm/3d88e48d-enix-html-file-deps-phoenix-html.lock
53 verbose cache add name="javascript-brunch" spec=">= 1.0 < 1.8" args=["javascript-brunch",">= 1.0 < 1.8"]
54 verbose parsed url { protocol: null,
54 verbose parsed url   slashes: null,
54 verbose parsed url   auth: null,
54 verbose parsed url   host: null,
54 verbose parsed url   port: null,
54 verbose parsed url   hostname: null,
54 verbose parsed url   hash: null,
54 verbose parsed url   search: null,
54 verbose parsed url   query: null,
54 verbose parsed url   pathname: '%3E=%201.0%20%3C%201.8',
54 verbose parsed url   path: '%3E=%201.0%20%3C%201.8',
54 verbose parsed url   href: '%3E=%201.0%20%3C%201.8' }
55 verbose addNamed [ 'javascript-brunch', '>= 1.0 < 1.8' ]
56 verbose addNamed [ null, '>=1.0.0-0 <1.8.0-0' ]
57 silly lockFile cc07cd62-javascript-brunch-1-0-1-8 javascript-brunch@>= 1.0 < 1.8
58 verbose lock javascript-brunch@>= 1.0 < 1.8 /home/jul/.npm/cc07cd62-javascript-brunch-1-0-1-8.lock
59 verbose cache add name="uglify-js-brunch" spec=">= 1.0 < 1.8" args=["uglify-js-brunch",">= 1.0 < 1.8"]
60 verbose parsed url { protocol: null,
60 verbose parsed url   slashes: null,
60 verbose parsed url   auth: null,
60 verbose parsed url   host: null,
60 verbose parsed url   port: null,
60 verbose parsed url   hostname: null,
60 verbose parsed url   hash: null,
60 verbose parsed url   search: null,
60 verbose parsed url   query: null,
60 verbose parsed url   pathname: '%3E=%201.0%20%3C%201.8',
60 verbose parsed url   path: '%3E=%201.0%20%3C%201.8',
60 verbose parsed url   href: '%3E=%201.0%20%3C%201.8' }
61 verbose addNamed [ 'uglify-js-brunch', '>= 1.0 < 1.8' ]
62 verbose addNamed [ null, '>=1.0.0-0 <1.8.0-0' ]
63 silly lockFile a1de250c-uglify-js-brunch-1-0-1-8 uglify-js-brunch@>= 1.0 < 1.8
64 verbose lock uglify-js-brunch@>= 1.0 < 1.8 /home/jul/.npm/a1de250c-uglify-js-brunch-1-0-1-8.lock
65 verbose cache add [ 'brunch@^2.1.1', null ]
66 verbose cache add name=undefined spec="brunch@^2.1.1" args=["brunch@^2.1.1",null]
67 verbose parsed url { protocol: null,
67 verbose parsed url   slashes: null,
67 verbose parsed url   auth: null,
67 verbose parsed url   host: null,
67 verbose parsed url   port: null,
67 verbose parsed url   hostname: null,
67 verbose parsed url   hash: null,
67 verbose parsed url   search: null,
67 verbose parsed url   query: null,
67 verbose parsed url   pathname: 'brunch@^2.1.1',
67 verbose parsed url   path: 'brunch@^2.1.1',
67 verbose parsed url   href: 'brunch@^2.1.1' }
68 verbose cache add name="babel-brunch" spec="^6.0.0" args=["babel-brunch","^6.0.0"]
69 verbose parsed url { protocol: null,
69 verbose parsed url   slashes: null,
69 verbose parsed url   auth: null,
69 verbose parsed url   host: null,
69 verbose parsed url   port: null,
69 verbose parsed url   hostname: null,
69 verbose parsed url   hash: null,
69 verbose parsed url   search: null,
69 verbose parsed url   query: null,
69 verbose parsed url   pathname: '^6.0.0',
69 verbose parsed url   path: '^6.0.0',
69 verbose parsed url   href: '^6.0.0' }
70 verbose addNamed [ 'babel-brunch', '^6.0.0' ]
71 verbose addNamed [ null, '>=6.0.0-0 <7.0.0-0' ]
72 silly lockFile a599a6cd-babel-brunch-6-0-0 babel-brunch@^6.0.0
73 verbose lock babel-brunch@^6.0.0 /home/jul/.npm/a599a6cd-babel-brunch-6-0-0.lock
74 verbose cache add name="brunch" spec="^2.1.1" args=["brunch","^2.1.1"]
75 verbose parsed url { protocol: null,
75 verbose parsed url   slashes: null,
75 verbose parsed url   auth: null,
75 verbose parsed url   host: null,
75 verbose parsed url   port: null,
75 verbose parsed url   hostname: null,
75 verbose parsed url   hash: null,
75 verbose parsed url   search: null,
75 verbose parsed url   query: null,
75 verbose parsed url   pathname: '^2.1.1',
75 verbose parsed url   path: '^2.1.1',
75 verbose parsed url   href: '^2.1.1' }
76 verbose addNamed [ 'brunch', '^2.1.1' ]
77 verbose addNamed [ null, '>=2.1.1-0 <3.0.0-0' ]
78 silly lockFile 86600d78-brunch-2-1-1 brunch@^2.1.1
79 verbose lock brunch@^2.1.1 /home/jul/.npm/86600d78-brunch-2-1-1.lock
80 silly addNameRange { name: 'clean-css-brunch',
80 silly addNameRange   range: '>=1.0.0-0 <1.8.0-0',
80 silly addNameRange   hasData: false }
81 info addNameTag [ 'phoenix', 'file:deps/phoenix' ]
82 silly addNameRange { name: 'css-brunch',
82 silly addNameRange   range: '>=1.0.0-0 <1.8.0-0',
82 silly addNameRange   hasData: false }
83 info addNameTag [ 'phoenix_html', 'file:deps/phoenix_html' ]
84 silly addNameRange { name: 'javascript-brunch',
84 silly addNameRange   range: '>=1.0.0-0 <1.8.0-0',
84 silly addNameRange   hasData: false }
85 silly addNameRange { name: 'uglify-js-brunch',
85 silly addNameRange   range: '>=1.0.0-0 <1.8.0-0',
85 silly addNameRange   hasData: false }
86 silly addNameRange { name: 'babel-brunch',
86 silly addNameRange   range: '>=6.0.0-0 <7.0.0-0',
86 silly addNameRange   hasData: false }
87 silly addNameRange { name: 'brunch', range: '>=2.1.1-0 <3.0.0-0', hasData: false }
88 verbose request where is /clean-css-brunch
89 verbose request registry https://registry.npmjs.org/
90 verbose request id 05e7af04ac0913e8
91 verbose url raw /clean-css-brunch
92 verbose url resolving [ 'https://registry.npmjs.org/', './clean-css-brunch' ]
93 verbose url resolved https://registry.npmjs.org/clean-css-brunch
94 verbose request where is https://registry.npmjs.org/clean-css-brunch
95 info trying registry request attempt 1 at 16:21:47
96 verbose etag "3QV68VUUOED144S6HCT4SPNHT"
97 http GET https://registry.npmjs.org/clean-css-brunch
98 verbose request where is /phoenix
99 verbose request registry https://registry.npmjs.org/
100 verbose url raw /phoenix
101 verbose url resolving [ 'https://registry.npmjs.org/', './phoenix' ]
102 verbose url resolved https://registry.npmjs.org/phoenix
103 verbose request where is https://registry.npmjs.org/phoenix
104 info trying registry request attempt 1 at 16:21:47
105 verbose etag "3KWLGPJF5U3RDJTFGVX0954C8"
106 http GET https://registry.npmjs.org/phoenix
107 verbose request where is /phoenix_html
108 verbose request registry https://registry.npmjs.org/
109 verbose url raw /phoenix_html
110 verbose url resolving [ 'https://registry.npmjs.org/', './phoenix_html' ]
111 verbose url resolved https://registry.npmjs.org/phoenix_html
112 verbose request where is https://registry.npmjs.org/phoenix_html
113 info trying registry request attempt 1 at 16:21:47
114 http GET https://registry.npmjs.org/phoenix_html
115 verbose request where is /css-brunch
116 verbose request registry https://registry.npmjs.org/
117 verbose url raw /css-brunch
118 verbose url resolving [ 'https://registry.npmjs.org/', './css-brunch' ]
119 verbose url resolved https://registry.npmjs.org/css-brunch
120 verbose request where is https://registry.npmjs.org/css-brunch
121 info trying registry request attempt 1 at 16:21:47
122 verbose etag "7GB393VM0UVG7509HQNQU15GE"
123 http GET https://registry.npmjs.org/css-brunch
124 verbose request where is /javascript-brunch
125 verbose request registry https://registry.npmjs.org/
126 verbose url raw /javascript-brunch
127 verbose url resolving [ 'https://registry.npmjs.org/', './javascript-brunch' ]
128 verbose url resolved https://registry.npmjs.org/javascript-brunch
129 verbose request where is https://registry.npmjs.org/javascript-brunch
130 info trying registry request attempt 1 at 16:21:47
131 verbose etag "3BMJ7P1CYHS2AQISJPTKF5FGO"
132 http GET https://registry.npmjs.org/javascript-brunch
133 verbose request where is /uglify-js-brunch
134 verbose request registry https://registry.npmjs.org/
135 verbose url raw /uglify-js-brunch
136 verbose url resolving [ 'https://registry.npmjs.org/', './uglify-js-brunch' ]
137 verbose url resolved https://registry.npmjs.org/uglify-js-brunch
138 verbose request where is https://registry.npmjs.org/uglify-js-brunch
139 info trying registry request attempt 1 at 16:21:47
140 verbose etag "E5N0FJHINOWGJGVIHR33ODJD4"
141 http GET https://registry.npmjs.org/uglify-js-brunch
142 verbose request where is /babel-brunch
143 verbose request registry https://registry.npmjs.org/
144 verbose url raw /babel-brunch
145 verbose url resolving [ 'https://registry.npmjs.org/', './babel-brunch' ]
146 verbose url resolved https://registry.npmjs.org/babel-brunch
147 verbose request where is https://registry.npmjs.org/babel-brunch
148 info trying registry request attempt 1 at 16:21:47
149 verbose etag "6UDF2GRX43BIZTQ9772DRSL2T"
150 http GET https://registry.npmjs.org/babel-brunch
151 verbose request where is /brunch
152 verbose request registry https://registry.npmjs.org/
153 verbose url raw /brunch
154 verbose url resolving [ 'https://registry.npmjs.org/', './brunch' ]
155 verbose url resolved https://registry.npmjs.org/brunch
156 verbose request where is https://registry.npmjs.org/brunch
157 info trying registry request attempt 1 at 16:21:47
158 verbose etag "8NW62EPBR1W97NFH9P0EOO5LN"
159 http GET https://registry.npmjs.org/brunch
160 http 304 https://registry.npmjs.org/clean-css-brunch
161 silly registry.get cb [ 304,
161 silly registry.get   { date: 'Sun, 24 Jan 2016 16:21:47 GMT',
161 silly registry.get     via: '1.1 varnish',
161 silly registry.get     'cache-control': 'max-age=300',
161 silly registry.get     etag: '"3QV68VUUOED144S6HCT4SPNHT"',
161 silly registry.get     age: '0',
161 silly registry.get     connection: 'keep-alive',
161 silly registry.get     'x-served-by': 'cache-lcy1131-LCY',
161 silly registry.get     'x-cache': 'MISS',
161 silly registry.get     'x-cache-hits': '0',
161 silly registry.get     'x-timer': 'S1453652507.998886,VS0,VE85',
161 silly registry.get     vary: 'Accept' } ]
162 verbose etag https://registry.npmjs.org/clean-css-brunch from cache
163 silly addNameRange number 2 { name: 'clean-css-brunch',
163 silly addNameRange   range: '>=1.0.0-0 <1.8.0-0',
163 silly addNameRange   hasData: true }
164 silly addNameRange versions [ 'clean-css-brunch',
164 silly addNameRange   [ '1.0.0',
164 silly addNameRange     '1.1.0',
164 silly addNameRange     '1.1.1',
164 silly addNameRange     '1.3.0',
164 silly addNameRange     '1.4.0',
164 silly addNameRange     '1.5.0',
164 silly addNameRange     '1.5.1',
164 silly addNameRange     '1.6.0',
164 silly addNameRange     '1.7.0',
164 silly addNameRange     '1.7.1',
164 silly addNameRange     '1.7.2',
164 silly addNameRange     '1.8.0' ] ]
165 verbose addNamed [ 'clean-css-brunch', '1.7.2' ]
166 verbose addNamed [ '1.7.2', '1.7.2' ]
167 silly lockFile 343b1949-clean-css-brunch-1-7-2 clean-css-brunch@1.7.2
168 verbose lock clean-css-brunch@1.7.2 /home/jul/.npm/343b1949-clean-css-brunch-1-7-2.lock
169 silly lockFile 343b1949-clean-css-brunch-1-7-2 clean-css-brunch@1.7.2
170 silly lockFile 343b1949-clean-css-brunch-1-7-2 clean-css-brunch@1.7.2
171 silly lockFile a4ef8c74-clean-css-brunch-1-0-1-8 clean-css-brunch@>= 1.0 < 1.8
172 silly lockFile a4ef8c74-clean-css-brunch-1-0-1-8 clean-css-brunch@>= 1.0 < 1.8
173 http 304 https://registry.npmjs.org/phoenix
174 silly registry.get cb [ 304,
174 silly registry.get   { date: 'Sun, 24 Jan 2016 16:21:48 GMT',
174 silly registry.get     via: '1.1 varnish',
174 silly registry.get     'cache-control': 'max-age=300',
174 silly registry.get     etag: '"3KWLGPJF5U3RDJTFGVX0954C8"',
174 silly registry.get     age: '0',
174 silly registry.get     connection: 'keep-alive',
174 silly registry.get     'x-served-by': 'cache-lcy1134-LCY',
174 silly registry.get     'x-cache': 'MISS',
174 silly registry.get     'x-cache-hits': '0',
174 silly registry.get     'x-timer': 'S1453652508.157470,VS0,VE405',
174 silly registry.get     vary: 'Accept' } ]
175 verbose etag https://registry.npmjs.org/phoenix from cache
176 info maybeGithub Attempting file:deps/phoenix from git://github.com/file:deps/phoenix
177 silly lockFile 6d5f9840-git-github-com-file-deps-phoenix git://github.com/file:deps/phoenix
178 verbose lock git://github.com/file:deps/phoenix /home/jul/.npm/6d5f9840-git-github-com-file-deps-phoenix.lock
179 verbose addRemoteGit [ 'git://github.com/file:deps/phoenix', 'master' ]
180 http 404 https://registry.npmjs.org/phoenix_html
181 silly registry.get cb [ 404,
181 silly registry.get   { 'content-type': 'application/json',
181 silly registry.get     'cache-control': 'max-age=0',
181 silly registry.get     'content-length': '2',
181 silly registry.get     'accept-ranges': 'bytes',
181 silly registry.get     date: 'Sun, 24 Jan 2016 16:21:48 GMT',
181 silly registry.get     via: '1.1 varnish',
181 silly registry.get     age: '0',
181 silly registry.get     connection: 'keep-alive',
181 silly registry.get     'x-served-by': 'cache-lhr6320-LHR',
181 silly registry.get     'x-cache': 'MISS',
181 silly registry.get     'x-cache-hits': '0',
181 silly registry.get     'x-timer': 'S1453652508.225720,VS0,VE358' } ]
182 info maybeGithub Attempting file:deps/phoenix_html from git://github.com/file:deps/phoenix_html
183 silly lockFile f4155054-ithub-com-file-deps-phoenix-html git://github.com/file:deps/phoenix_html
184 verbose lock git://github.com/file:deps/phoenix_html /home/jul/.npm/f4155054-ithub-com-file-deps-phoenix-html.lock
185 verbose addRemoteGit [ 'git://github.com/file:deps/phoenix_html', 'master' ]
186 http 304 https://registry.npmjs.org/uglify-js-brunch
187 silly registry.get cb [ 304,
187 silly registry.get   { date: 'Sun, 24 Jan 2016 16:21:48 GMT',
187 silly registry.get     via: '1.1 varnish',
187 silly registry.get     'cache-control': 'max-age=300',
187 silly registry.get     etag: '"E5N0FJHINOWGJGVIHR33ODJD4"',
187 silly registry.get     age: '0',
187 silly registry.get     connection: 'keep-alive',
187 silly registry.get     'x-served-by': 'cache-lcy1131-LCY',
187 silly registry.get     'x-cache': 'MISS',
187 silly registry.get     'x-cache-hits': '0',
187 silly registry.get     'x-timer': 'S1453652508.236752,VS0,VE393',
187 silly registry.get     vary: 'Accept' } ]
188 verbose etag https://registry.npmjs.org/uglify-js-brunch from cache
189 silly addNameRange number 2 { name: 'uglify-js-brunch',
189 silly addNameRange   range: '>=1.0.0-0 <1.8.0-0',
189 silly addNameRange   hasData: true }
190 silly addNameRange versions [ 'uglify-js-brunch',
190 silly addNameRange   [ '1.0.0',
190 silly addNameRange     '1.1.0',
190 silly addNameRange     '1.1.1',
190 silly addNameRange     '1.3.0',
190 silly addNameRange     '1.3.1',
190 silly addNameRange     '1.5.0',
190 silly addNameRange     '1.5.1',
190 silly addNameRange     '1.7.0',
190 silly addNameRange     '1.7.1',
190 silly addNameRange     '1.7.2',
190 silly addNameRange     '1.7.3',
190 silly addNameRange     '1.7.4',
190 silly addNameRange     '1.7.5',
190 silly addNameRange     '1.7.6',
190 silly addNameRange     '1.7.7',
190 silly addNameRange     '1.7.8' ] ]
191 verbose addNamed [ 'uglify-js-brunch', '1.7.8' ]
192 verbose addNamed [ '1.7.8', '1.7.8' ]
193 silly lockFile cd6b0dc2-uglify-js-brunch-1-7-8 uglify-js-brunch@1.7.8
194 verbose lock uglify-js-brunch@1.7.8 /home/jul/.npm/cd6b0dc2-uglify-js-brunch-1-7-8.lock
195 silly lockFile cd6b0dc2-uglify-js-brunch-1-7-8 uglify-js-brunch@1.7.8
196 silly lockFile cd6b0dc2-uglify-js-brunch-1-7-8 uglify-js-brunch@1.7.8
197 silly lockFile a1de250c-uglify-js-brunch-1-0-1-8 uglify-js-brunch@>= 1.0 < 1.8
198 silly lockFile a1de250c-uglify-js-brunch-1-0-1-8 uglify-js-brunch@>= 1.0 < 1.8
199 http 304 https://registry.npmjs.org/css-brunch
200 silly registry.get cb [ 304,
200 silly registry.get   { date: 'Sun, 24 Jan 2016 16:21:48 GMT',
200 silly registry.get     via: '1.1 varnish',
200 silly registry.get     'cache-control': 'max-age=300',
200 silly registry.get     etag: '"7GB393VM0UVG7509HQNQU15GE"',
200 silly registry.get     age: '0',
200 silly registry.get     connection: 'keep-alive',
200 silly registry.get     'x-served-by': 'cache-lcy1131-LCY',
200 silly registry.get     'x-cache': 'HIT',
200 silly registry.get     'x-cache-hits': '1',
200 silly registry.get     'x-timer': 'S1453652508.182662,VS0,VE609',
200 silly registry.get     vary: 'Accept' } ]
201 verbose etag https://registry.npmjs.org/css-brunch from cache
202 http 304 https://registry.npmjs.org/babel-brunch
203 silly registry.get cb [ 304,
203 silly registry.get   { date: 'Sun, 24 Jan 2016 16:21:48 GMT',
203 silly registry.get     via: '1.1 varnish',
203 silly registry.get     'cache-control': 'max-age=300',
203 silly registry.get     etag: '"6UDF2GRX43BIZTQ9772DRSL2T"',
203 silly registry.get     age: '0',
203 silly registry.get     connection: 'keep-alive',
203 silly registry.get     'x-served-by': 'cache-lcy1134-LCY',
203 silly registry.get     'x-cache': 'MISS',
203 silly registry.get     'x-cache-hits': '0',
203 silly registry.get     'x-timer': 'S1453652508.697730,VS0,VE98',
203 silly registry.get     vary: 'Accept' } ]
204 verbose etag https://registry.npmjs.org/babel-brunch from cache
205 silly addNameRange number 2 { name: 'css-brunch',
205 silly addNameRange   range: '>=1.0.0-0 <1.8.0-0',
205 silly addNameRange   hasData: true }
206 silly addNameRange versions [ 'css-brunch',
206 silly addNameRange   [ '1.0.0',
206 silly addNameRange     '1.1.0',
206 silly addNameRange     '1.1.1',
206 silly addNameRange     '1.3.0',
206 silly addNameRange     '1.5.0',
206 silly addNameRange     '1.5.1',
206 silly addNameRange     '1.6.0',
206 silly addNameRange     '1.7.0' ] ]
207 verbose addNamed [ 'css-brunch', '1.7.0' ]
208 verbose addNamed [ '1.7.0', '1.7.0' ]
209 silly lockFile c3390392-css-brunch-1-7-0 css-brunch@1.7.0
210 verbose lock css-brunch@1.7.0 /home/jul/.npm/c3390392-css-brunch-1-7-0.lock
211 silly addNameRange number 2 { name: 'babel-brunch',
211 silly addNameRange   range: '>=6.0.0-0 <7.0.0-0',
211 silly addNameRange   hasData: true }
212 silly addNameRange versions [ 'babel-brunch',
212 silly addNameRange   [ '4.0.0', '5.0.0', '5.0.1', '5.1.0', '5.1.1', '5.1.2', '6.0.0' ] ]
213 verbose addNamed [ 'babel-brunch', '6.0.0' ]
214 verbose addNamed [ '6.0.0', '6.0.0' ]
215 silly lockFile 06e49e6d-babel-brunch-6-0-0 babel-brunch@6.0.0
216 verbose lock babel-brunch@6.0.0 /home/jul/.npm/06e49e6d-babel-brunch-6-0-0.lock
217 silly lockFile c3390392-css-brunch-1-7-0 css-brunch@1.7.0
218 silly lockFile c3390392-css-brunch-1-7-0 css-brunch@1.7.0
219 silly lockFile 06e49e6d-babel-brunch-6-0-0 babel-brunch@6.0.0
220 silly lockFile 06e49e6d-babel-brunch-6-0-0 babel-brunch@6.0.0
221 silly lockFile 63340fb0-css-brunch-1-0-1-8 css-brunch@>= 1.0 < 1.8
222 silly lockFile 63340fb0-css-brunch-1-0-1-8 css-brunch@>= 1.0 < 1.8
223 silly lockFile a599a6cd-babel-brunch-6-0-0 babel-brunch@^6.0.0
224 silly lockFile a599a6cd-babel-brunch-6-0-0 babel-brunch@^6.0.0
225 http 304 https://registry.npmjs.org/javascript-brunch
226 silly registry.get cb [ 304,
226 silly registry.get   { date: 'Sun, 24 Jan 2016 16:21:48 GMT',
226 silly registry.get     via: '1.1 varnish',
226 silly registry.get     'cache-control': 'max-age=300',
226 silly registry.get     etag: '"3BMJ7P1CYHS2AQISJPTKF5FGO"',
226 silly registry.get     age: '0',
226 silly registry.get     connection: 'keep-alive',
226 silly registry.get     'x-served-by': 'cache-lcy1124-LCY',
226 silly registry.get     'x-cache': 'MISS',
226 silly registry.get     'x-cache-hits': '0',
226 silly registry.get     'x-timer': 'S1453652508.688122,VS0,VE645',
226 silly registry.get     vary: 'Accept' } ]
227 verbose etag https://registry.npmjs.org/javascript-brunch from cache
228 silly addNameRange number 2 { name: 'javascript-brunch',
228 silly addNameRange   range: '>=1.0.0-0 <1.8.0-0',
228 silly addNameRange   hasData: true }
229 silly addNameRange versions [ 'javascript-brunch',
229 silly addNameRange   [ '1.0.0',
229 silly addNameRange     '1.1.0',
229 silly addNameRange     '1.1.1',
229 silly addNameRange     '1.3.0',
229 silly addNameRange     '1.5.0',
229 silly addNameRange     '1.5.1',
229 silly addNameRange     '1.6.0',
229 silly addNameRange     '1.7.0',
229 silly addNameRange     '1.7.1',
229 silly addNameRange     '1.8.0' ] ]
230 verbose addNamed [ 'javascript-brunch', '1.7.1' ]
231 verbose addNamed [ '1.7.1', '1.7.1' ]
232 silly lockFile 2cdf8aa2-javascript-brunch-1-7-1 javascript-brunch@1.7.1
233 verbose lock javascript-brunch@1.7.1 /home/jul/.npm/2cdf8aa2-javascript-brunch-1-7-1.lock
234 silly lockFile 2cdf8aa2-javascript-brunch-1-7-1 javascript-brunch@1.7.1
235 silly lockFile 2cdf8aa2-javascript-brunch-1-7-1 javascript-brunch@1.7.1
236 silly lockFile cc07cd62-javascript-brunch-1-0-1-8 javascript-brunch@>= 1.0 < 1.8
237 silly lockFile cc07cd62-javascript-brunch-1-0-1-8 javascript-brunch@>= 1.0 < 1.8
238 verbose git clone git://github.com/file:deps/phoenix Cloning into bare repository '/home/jul/.npm/_git-remotes/git-github-com-file-deps-phoenix-6d5f9840'...
238 verbose git clone git://github.com/file:deps/phoenix fatal: remote error:
238 verbose git clone git://github.com/file:deps/phoenix   file:deps/phoenix is not a valid repository name
238 verbose git clone git://github.com/file:deps/phoenix   Email support@github.com for help
239 silly lockFile 6d5f9840-git-github-com-file-deps-phoenix git://github.com/file:deps/phoenix
240 silly lockFile 6d5f9840-git-github-com-file-deps-phoenix git://github.com/file:deps/phoenix
241 info maybeGithub Attempting file:deps/phoenix from git+ssh://git@github.com:file:deps/phoenix
242 silly lockFile c83d6c1a-git-github-com-file-deps-phoenix git@github.com:file:deps/phoenix
243 verbose lock git@github.com:file:deps/phoenix /home/jul/.npm/c83d6c1a-git-github-com-file-deps-phoenix.lock
244 verbose addRemoteGit [ 'git@github.com:file:deps/phoenix', 'master' ]
245 verbose git clone git://github.com/file:deps/phoenix_html Cloning into bare repository '/home/jul/.npm/_git-remotes/git-github-com-file-deps-phoenix-html-f4155054'...
245 verbose git clone git://github.com/file:deps/phoenix_html fatal: remote error:
245 verbose git clone git://github.com/file:deps/phoenix_html   file:deps/phoenix_html is not a valid repository name
245 verbose git clone git://github.com/file:deps/phoenix_html   Email support@github.com for help
246 silly lockFile f4155054-ithub-com-file-deps-phoenix-html git://github.com/file:deps/phoenix_html
247 silly lockFile f4155054-ithub-com-file-deps-phoenix-html git://github.com/file:deps/phoenix_html
248 info maybeGithub Attempting file:deps/phoenix_html from git+ssh://git@github.com:file:deps/phoenix_html
249 silly lockFile 50a27b71-ithub-com-file-deps-phoenix-html git@github.com:file:deps/phoenix_html
250 verbose lock git@github.com:file:deps/phoenix_html /home/jul/.npm/50a27b71-ithub-com-file-deps-phoenix-html.lock
251 verbose addRemoteGit [ 'git@github.com:file:deps/phoenix_html', 'master' ]
252 http 200 https://registry.npmjs.org/brunch
253 silly registry.get cb [ 200,
253 silly registry.get   { server: 'CouchDB/1.5.0 (Erlang OTP/R16B03)',
253 silly registry.get     etag: '"CWH52JVAV6ST114AM4CJ2AIN1"',
253 silly registry.get     'content-type': 'application/json',
253 silly registry.get     'cache-control': 'max-age=300',
253 silly registry.get     'content-length': '187100',
253 silly registry.get     'accept-ranges': 'bytes',
253 silly registry.get     date: 'Sun, 24 Jan 2016 16:21:49 GMT',
253 silly registry.get     via: '1.1 varnish',
253 silly registry.get     age: '0',
253 silly registry.get     connection: 'keep-alive',
253 silly registry.get     'x-served-by': 'cache-lhr6320-LHR',
253 silly registry.get     'x-cache': 'MISS',
253 silly registry.get     'x-cache-hits': '0',
253 silly registry.get     'x-timer': 'S1453652508.724737,VS0,VE663',
253 silly registry.get     vary: 'Accept' } ]
254 silly addNameRange number 2 { name: 'brunch', range: '>=2.1.1-0 <3.0.0-0', hasData: true }
255 silly addNameRange versions [ 'brunch',
255 silly addNameRange   [ '0.0.1',
255 silly addNameRange     '0.0.2',
255 silly addNameRange     '0.0.3',
255 silly addNameRange     '0.0.4',
255 silly addNameRange     '0.0.5',
255 silly addNameRange     '0.0.6',
255 silly addNameRange     '0.0.7',
255 silly addNameRange     '0.0.8',
255 silly addNameRange     '0.1.0',
255 silly addNameRange     '0.1.1',
255 silly addNameRange     '0.1.3',
255 silly addNameRange     '0.1.4',
255 silly addNameRange     '0.1.5',
255 silly addNameRange     '0.1.6',
255 silly addNameRange     '0.1.7',
255 silly addNameRange     '0.1.8',
255 silly addNameRange     '0.1.9',
255 silly addNameRange     '0.2.0',
255 silly addNameRange     '0.2.1',
255 silly addNameRange     '0.2.2',
255 silly addNameRange     '0.2.3',
255 silly addNameRange     '0.2.4',
255 silly addNameRange     '0.2.6',
255 silly addNameRange     '0.2.7',
255 silly addNameRange     '0.2.8',
255 silly addNameRange     '0.3.0',
255 silly addNameRange     '0.3.1',
255 silly addNameRange     '0.3.2',
255 silly addNameRange     '0.3.4',
255 silly addNameRange     '0.3.5',
255 silly addNameRange     '0.3.6',
255 silly addNameRange     '0.3.7',
255 silly addNameRange     '0.4.0',
255 silly addNameRange     '0.4.1',
255 silly addNameRange     '0.4.2',
255 silly addNameRange     '0.4.3',
255 silly addNameRange     '0.4.4',
255 silly addNameRange     '0.4.5',
255 silly addNameRange     '0.5.1',
255 silly addNameRange     '0.5.2',
255 silly addNameRange     '0.5.3',
255 silly addNameRange     '0.5.4',
255 silly addNameRange     '0.5.5',
255 silly addNameRange     '0.5.6',
255 silly addNameRange     '0.6.0',
255 silly addNameRange     '0.6.1',
255 silly addNameRange     '0.6.2',
255 silly addNameRange     '0.7.0',
255 silly addNameRange     '0.7.1',
255 silly addNameRange     '0.7.2',
255 silly addNameRange     '0.7.3',
255 silly addNameRange     '0.7.4',
255 silly addNameRange     '0.8.0',
255 silly addNameRange     '0.8.1',
255 silly addNameRange     '0.9.0-beta1',
255 silly addNameRange     '0.9.0',
255 silly addNameRange     '0.9.1',
255 silly addNameRange     '1.0.0',
255 silly addNameRange     '1.0.1',
255 silly addNameRange     '1.0.2',
255 silly addNameRange     '1.0.3',
255 silly addNameRange     '1.1.0',
255 silly addNameRange     '1.1.1',
255 silly addNameRange     '1.1.2',
255 silly addNameRange     '1.2.0',
255 silly addNameRange     '1.2.1',
255 silly addNameRange     '1.2.2',
255 silly addNameRange     '1.3.0',
255 silly addNameRange     '1.3.1',
255 silly addNameRange     '1.3.2',
255 silly addNameRange     '1.3.3',
255 silly addNameRange     '1.3.4',
255 silly addNameRange     '1.4.0',
255 silly addNameRange     '1.4.1',
255 silly addNameRange     '1.4.2',
255 silly addNameRange     '1.4.3',
255 silly addNameRange     '1.4.4',
255 silly addNameRange     '1.4.5',
255 silly addNameRange     '1.5.0',
255 silly addNameRange     '1.5.1',
255 silly addNameRange     '1.5.2',
255 silly addNameRange     '1.5.3',
255 silly addNameRange     '1.5.4',
255 silly addNameRange     '1.6.0',
255 silly addNameRange     '1.6.1',
255 silly addNameRange     '1.6.2',
255 silly addNameRange     '1.6.3',
255 silly addNameRange     '1.6.4',
255 silly addNameRange     '1.6.5',
255 silly addNameRange     '1.6.6',
255 silly addNameRange     '1.6.7',
255 silly addNameRange     '1.7.0',
255 silly addNameRange     '1.7.1',
255 silly addNameRange     '1.7.2',
255 silly addNameRange     '1.7.3',
255 silly addNameRange     '1.7.4',
255 silly addNameRange     '1.7.5',
255 silly addNameRange     '1.7.6',
255 silly addNameRange     '1.7.7',
255 silly addNameRange     '1.7.8',
255 silly addNameRange     '1.7.9',
255 silly addNameRange     '1.7.10',
255 silly addNameRange     '1.7.12',
255 silly addNameRange     '1.7.13',
255 silly addNameRange     '1.7.14',
255 silly addNameRange     '1.7.15',
255 silly addNameRange     '1.7.16',
255 silly addNameRange     '1.7.17',
255 silly addNameRange     '1.7.18',
255 silly addNameRange     '1.7.19',
255 silly addNameRange     '1.7.20',
255 silly addNameRange     '1.8.0',
255 silly addNameRange     '1.8.1',
255 silly addNameRange     '1.8.2',
255 silly addNameRange     '1.8.3',
255 silly addNameRange     '1.8.4',
255 silly addNameRange     '1.8.5',
255 silly addNameRange     '2.0.0',
255 silly addNameRange     '2.0.1',
255 silly addNameRange     '2.0.2',
255 silly addNameRange     '2.0.3',
255 silly addNameRange     '2.0.4',
255 silly addNameRange     '2.1.0',
255 silly addNameRange     '2.1.1',
255 silly addNameRange     '2.1.2',
255 silly addNameRange     '2.1.3',
255 silly addNameRange     '2.2.0' ] ]
256 verbose addNamed [ 'brunch', '2.2.0' ]
257 verbose addNamed [ '2.2.0', '2.2.0' ]
258 silly lockFile 7dad1379-brunch-2-2-0 brunch@2.2.0
259 verbose lock brunch@2.2.0 /home/jul/.npm/7dad1379-brunch-2-2-0.lock
260 silly lockFile 7eba1e71-pmjs-org-brunch-brunch-2-2-0-tgz https://registry.npmjs.org/brunch/-/brunch-2.2.0.tgz
261 verbose lock https://registry.npmjs.org/brunch/-/brunch-2.2.0.tgz /home/jul/.npm/7eba1e71-pmjs-org-brunch-brunch-2-2-0-tgz.lock
262 verbose addRemoteTarball [ 'https://registry.npmjs.org/brunch/-/brunch-2.2.0.tgz',
262 verbose addRemoteTarball   '792e3a62a05027ce9fc2385d8d4324d54aec9289' ]
263 info retry fetch attempt 1 at 16:21:51
264 verbose fetch to= /tmp/npm-29141-Bzddqi_D/registry.npmjs.org/brunch/-/brunch-2.2.0.tgz
265 http GET https://registry.npmjs.org/brunch/-/brunch-2.2.0.tgz
266 error git clone git@github.com:file:deps/phoenix Cloning into bare repository '/home/jul/.npm/_git-remotes/git-github-com-file-deps-phoenix-c83d6c1a'...
266 error git clone git@github.com:file:deps/phoenix ssh_askpass: exec(/usr/bin/ssh-askpass): No such file or directory
266 error git clone git@github.com:file:deps/phoenix Host key verification failed.
266 error git clone git@github.com:file:deps/phoenix fatal: Could not read from remote repository.
266 error git clone git@github.com:file:deps/phoenix
266 error git clone git@github.com:file:deps/phoenix Please make sure you have the correct access rights
266 error git clone git@github.com:file:deps/phoenix and the repository exists.
267 silly lockFile c83d6c1a-git-github-com-file-deps-phoenix git@github.com:file:deps/phoenix
268 silly lockFile c83d6c1a-git-github-com-file-deps-phoenix git@github.com:file:deps/phoenix
269 silly lockFile 25706d37-phoenix-file-deps-phoenix phoenix@file:deps/phoenix
270 silly lockFile 25706d37-phoenix-file-deps-phoenix phoenix@file:deps/phoenix
271 error notarget No compatible version found: phoenix@'file:deps/phoenix'
271 error notarget Valid install targets:
271 error notarget ["0.1.1-dev"]
271 error notarget
271 error notarget This is most likely not a problem with npm itself.
271 error notarget In most cases you or one of your dependencies are requesting
271 error notarget a package version that doesn't exist.
272 error System Linux 3.16.0-4-amd64
273 error command "/usr/bin/nodejs" "/usr/bin/npm" "install"
274 error cwd /home/jul/elixir/PTManagementSystem/pt_system
275 error node -v v0.10.29
276 error npm -v 1.4.21
277 error code ETARGET
278 verbose exit [ 1, true ]
